Unity/Library/Bee/Android/Prj/Mono2x/Gradle/launcher/build/intermediates/manifest_merge_blame_file/release/manifest-merger-blame-release-report.txt
1<?xml version="1.0" encoding="utf-8"?>
2<manifest xmlns:android="http://schemas.android.com/apk/res/android"
3    package="com.DefaultCompany.NewProject"
4    android:installLocation="preferExternal"
5    android:versionCode="1"
6    android:versionName="0.1" >
7
8    <uses-sdk
9        android:minSdkVersion="22"
9-->src\main\AndroidManifest.xml
10        android:targetSdkVersion="30" />
10-->src\main\AndroidManifest.xml
11
12    <supports-screens
12-->src\main\AndroidManifest.xml:3:3-163
13        android:anyDensity="true"
13-->src\main\AndroidManifest.xml:3:135-160
14        android:largeScreens="true"
14-->src\main\AndroidManifest.xml:3:78-105
15        android:normalScreens="true"
15-->src\main\AndroidManifest.xml:3:49-77
16        android:smallScreens="true"
16-->src\main\AndroidManifest.xml:3:21-48
17        android:xlargeScreens="true" />
17-->src\main\AndroidManifest.xml:3:106-134
18
19    <uses-feature android:glEsVersion="0x00020000" />
19-->[:unityLibrary] AndroidManifest.xml:12:5-54
19-->[:unityLibrary] AndroidManifest.xml:12:19-51
20    <uses-feature
20-->[:unityLibrary] AndroidManifest.xml:13:5-15:36
21        android:name="android.hardware.touchscreen"
21-->[:unityLibrary] AndroidManifest.xml:14:9-52
22        android:required="false" />
22-->[:unityLibrary] AndroidManifest.xml:15:9-33
23    <uses-feature
23-->[:unityLibrary] AndroidManifest.xml:16:5-18:36
24        android:name="android.hardware.touchscreen.multitouch"
24-->[:unityLibrary] AndroidManifest.xml:17:9-63
25        android:required="false" />
25-->[:unityLibrary] AndroidManifest.xml:18:9-33
26    <uses-feature
26-->[:unityLibrary] AndroidManifest.xml:19:5-21:36
27        android:name="android.hardware.touchscreen.multitouch.distinct"
27-->[:unityLibrary] AndroidManifest.xml:20:9-72
28        android:required="false" />
28-->[:unityLibrary] AndroidManifest.xml:21:9-33
29
30    <application
30-->src\main\AndroidManifest.xml:4:3-121
31        android:banner="@drawable/app_banner"
31-->src\main\AndroidManifest.xml:4:81-118
32        android:extractNativeLibs="true"
32-->[:unityLibrary] AndroidManifest.xml:24:9-41
33        android:icon="@mipmap/app_icon"
33-->src\main\AndroidManifest.xml:4:49-80
34        android:isGame="true"
34-->[:unityLibrary] AndroidManifest.xml:25:9-30
35        android:label="@string/app_name" >
35-->src\main\AndroidManifest.xml:4:16-48
36        <activity
36-->[:unityLibrary] AndroidManifest.xml:26:9-44:20
37            android:name="com.unity3d.player.UnityPlayerActivity"
37-->[:unityLibrary] AndroidManifest.xml:27:13-66
38            android:configChanges="mcc|mnc|locale|touchscreen|keyboard|keyboardHidden|navigation|orientation|screenLayout|uiMode|screenSize|smallestScreenSize|fontScale|layoutDirection|density"
38-->[:unityLibrary] AndroidManifest.xml:28:13-194
39            android:hardwareAccelerated="false"
39-->[:unityLibrary] AndroidManifest.xml:29:13-48
40            android:launchMode="singleTask"
40-->[:unityLibrary] AndroidManifest.xml:30:13-44
41            android:resizeableActivity="false"
41-->[:unityLibrary] AndroidManifest.xml:31:13-47
42            android:screenOrientation="landscape"
42-->[:unityLibrary] AndroidManifest.xml:32:13-50
43            android:theme="@style/UnityThemeSelector" >
43-->[:unityLibrary] AndroidManifest.xml:33:13-54
44            <intent-filter>
44-->[:unityLibrary] AndroidManifest.xml:34:13-39:29
45                <action android:name="android.intent.action.MAIN" />
45-->[:unityLibrary] AndroidManifest.xml:35:17-69
45-->[:unityLibrary] AndroidManifest.xml:35:25-66
46
47                <category android:name="android.intent.category.LAUNCHER" />
47-->[:unityLibrary] AndroidManifest.xml:37:17-77
47-->[:unityLibrary] AndroidManifest.xml:37:27-74
48                <category android:name="android.intent.category.LEANBACK_LAUNCHER" />
48-->[:unityLibrary] AndroidManifest.xml:38:17-86
48-->[:unityLibrary] AndroidManifest.xml:38:27-83
49            </intent-filter>
50
51            <meta-data
51-->[:unityLibrary] AndroidManifest.xml:41:13-43:40
52                android:name="unityplayer.UnityActivity"
52-->[:unityLibrary] AndroidManifest.xml:42:17-57
53                android:value="true" />
53-->[:unityLibrary] AndroidManifest.xml:43:17-37
54        </activity>
55
56        <meta-data
56-->[:unityLibrary] AndroidManifest.xml:46:9-48:33
57            android:name="unity.splash-mode"
57-->[:unityLibrary] AndroidManifest.xml:47:13-45
58            android:value="0" />
58-->[:unityLibrary] AndroidManifest.xml:48:13-30
59        <meta-data
59-->[:unityLibrary] AndroidManifest.xml:49:9-51:36
60            android:name="unity.splash-enable"
60-->[:unityLibrary] AndroidManifest.xml:50:13-47
61            android:value="True" />
61-->[:unityLibrary] AndroidManifest.xml:51:13-33
62        <meta-data
62-->[:unityLibrary] AndroidManifest.xml:52:9-54:36
63            android:name="unity.launch-fullscreen"
63-->[:unityLibrary] AndroidManifest.xml:53:13-51
64            android:value="True" />
64-->[:unityLibrary] AndroidManifest.xml:54:13-33
65        <meta-data
65-->[:unityLibrary] AndroidManifest.xml:55:9-57:37
66            android:name="unity.allow-resizable-window"
66-->[:unityLibrary] AndroidManifest.xml:56:13-56
67            android:value="False" />
67-->[:unityLibrary] AndroidManifest.xml:57:13-34
68    </application>
69
70</manifest>